<?xml version="1.0" encoding="UTF-8"?>
<!-- Generated by org.testng.reporters.JUnitReportReporter -->
<testsuite hostname="aminasherif" failures="0" tests="1" name="testNGpackage.TestNGDemo" time="0.014" errors="0" timestamp="2023-10-19T13:41:17 IST" skipped="0">
  <testcase classname="testNGpackage.TestNGDemo" name="test1" time="0.014"/>
  <system-out/>
</testsuite> <!-- testNGpackage.TestNGDemo -->
