<?xml version="1.0" encoding="UTF-8"?>
<!-- Generated by org.testng.reporters.JUnitReportReporter -->
<testsuite hostname="aminasherif" failures="0" tests="1" name="testNGpackage.Fileuploadrobotprgm" time="25.337" errors="0" timestamp="2023-10-26T14:40:28 IST" skipped="0">
  <testcase classname="testNGpackage.Fileuploadrobotprgm" name="fileupload" time="25.337"/>
  <system-out/>
</testsuite> <!-- testNGpackage.Fileuploadrobotprgm -->
