<?xml version="1.0" encoding="UTF-8"?>
<!-- Generated by org.testng.reporters.JUnitReportReporter -->
<testsuite hostname="aminasherif" failures="0" tests="1" name="testNGpackage.Fblogintestng" time="19.884" errors="0" timestamp="2023-10-19T14:34:33 IST" skipped="0">
  <testcase classname="testNGpackage.Fblogintestng" name="test1" time="19.884"/>
  <system-out/>
</testsuite> <!-- testNGpackage.Fblogintestng -->
