<?xml version="1.0" encoding="UTF-8"?>
<!-- Generated by org.testng.reporters.JUnitReportReporter -->
<testsuite hostname="aminasherif" failures="0" tests="1" name="testNGpackage.Datadriven" time="7.515" errors="0" timestamp="2023-11-05T22:19:31 IST" skipped="0">
  <testcase classname="testNGpackage.Datadriven" name="test" time="7.515"/>
  <system-out/>
</testsuite> <!-- testNGpackage.Datadriven -->
