<?xml version="1.0" encoding="UTF-8"?>
<!-- Generated by org.testng.reporters.JUnitReportReporter -->
<testsuite hostname="aminasherif" failures="0" tests="1" name="testNGpackage.Rightclckprgm" time="0.716" errors="0" timestamp="2023-10-28T15:43:45 IST" skipped="0">
  <testcase classname="testNGpackage.Rightclckprgm" name="rightclck" time="0.716"/>
  <system-out/>
</testsuite> <!-- testNGpackage.Rightclckprgm -->
